
	            G L O B A L   R E F E R E N C E S

	             Name               Value        Type
	==============================|=======|===============
	WindowControl                    FFFC         CONSTANT
	WindowWrite                      FFFE         CONSTANT
	Temporizador_I                   FFF7         CONSTANT
	Temporizador_V                   FFF6         CONSTANT
	SP_INIT                          FDFF         CONSTANT
	INT_MASK_ADDR                    FFFA         CONSTANT
	INT_MASK                         C01F         CONSTANT
	RandomMask                       8016         CONSTANT
	LOWER_EDGE                       1700         CONSTANT
	RIGHT_EDGE                       004E         CONSTANT
	END_Vetor                        0040         CONSTANT
	Max_Lasers                       0032         CONSTANT
	Asteroide                        002A         CONSTANT
	Black                            004F         CONSTANT
	Laser                            002D         CONSTANT
	L_VarTexto1                      000A         CONSTANT
	L_VarTexto2                      0010         CONSTANT
	L_VarTexto3                      000B         CONSTANT
	L_VarTexto4                      000B         CONSTANT
	LCDControl                       FFF4         CONSTANT
	LCDWrite                         FFF5         CONSTANT
	Display                          FFF0         CONSTANT
	POS                              8000         VARIABLE
	POS_Ast                          8001            TABLE
	POS_Black                        800F            TABLE
	Num_Lasers                       8016         VARIABLE
	POS_L                            8017            TABLE
	T_Cria                           8064         VARIABLE
	T_Cria_Black                     8065         VARIABLE
	T_Ast                            8066         VARIABLE
	Velocidade                       8067         VARIABLE
	F_Baixo                          8068         VARIABLE
	F_Cima                           8069         VARIABLE
	F_Esquerda                       806A         VARIABLE
	F_Direita                        806B         VARIABLE
	F_Dispara                        806C         VARIABLE
	F_Tempo                          806D         VARIABLE
	F_Asteroide                      806E         VARIABLE
	F_Laser_C                        806F         VARIABLE
	F_Inicio                         8070         VARIABLE
	F_Over                           8071         VARIABLE
	Ni_Random                        8072         VARIABLE
	Feed_Random                      8073         VARIABLE
	Res                              8074            TABLE
	Pont                             8078         VARIABLE
	Ordem                            8079         VARIABLE
	VarTexto1                        807A           STRING
	VarTexto2                        8085           STRING
	VarTexto3                        8096           STRING
	VarTexto4                        80A2           STRING
	INT0                             FE00         VARIABLE
	INT1                             FE01         VARIABLE
	INT2                             FE02         VARIABLE
	INT3                             FE03         VARIABLE
	INT4                             FE04         VARIABLE
	INT5                             FE05         VARIABLE
	INT6                             FE06         VARIABLE
	INT7                             FE07         VARIABLE
	INT8                             FE08         VARIABLE
	INT9                             FE09         VARIABLE
	INT10                            FE0A         VARIABLE
	INT11                            FE0B         VARIABLE
	INT12                            FE0C         VARIABLE
	INT13                            FE0D         VARIABLE
	INT_E                            FE0E         VARIABLE
	TEMP                             FE0F         VARIABLE
	DrawGame                         0002            LABEL
	DrawCharacter                    0007            LABEL
	DrawShip                         0012            LABEL
	DrawEdges                        0039            LABEL
	DrawCicle                        0041            LABEL
	Draw_ALL                         0052            LABEL
	Draw_ALL_Cic                     0061            LABEL
	ClearShip                        006C            LABEL
	ClearObjeto                      008D            LABEL
	Clear_All                        009A            LABEL
	Clear__Ciclo                     00A5            LABEL
	ClearEdges                       00AE            LABEL
	ClearECicle                      00B6            LABEL
	ApagaObjeto                      00C7            LABEL
	ApagaCiclo                       00CE            LABEL
	EscString                        00D9            LABEL
	CicloA                           00E8            LABEL
	FimEsc                           00F3            LABEL
	ApagaString                      00F8            LABEL
	CicloApaga                       0107            LABEL
	FimApaga                         0113            LABEL
	EscPontos                        0118            LABEL
	EscPontosCiclo                   0120            LABEL
	PontosCiclo                      012E            LABEL
	ApagaPontos                      0140            LABEL
	ApagaPontosCic                   0146            LABEL
	Move_All                         0150            LABEL
	Move_Ciclo                       015E            LABEL
	Iter_Move                        0168            LABEL
	Continua_                        016E            LABEL
	Apaga_                           0175            LABEL
	Move_All_L                       017A            LABEL
	Move_L_Ciclo                     018C            LABEL
	IterMove                         0190            LABEL
	Continua                         0197            LABEL
	Apaga                            019F            LABEL
	TrataBaixo                       01A6            LABEL
	NextBaixo                        01BD            LABEL
	TrataCima                        01D4            LABEL
	NextCima                         01E9            LABEL
	TrataEsquerda                    0200            LABEL
	NextEsquerda                     020F            LABEL
	TrataDireita                     0223            LABEL
	NextDireita                      0237            LABEL
	TrataDispara                     024C            LABEL
	Shoot                            025F            LABEL
	TrataTempo                       0276            LABEL
	Testa_Ast                        02BC            LABEL
	CicloTempo                       02CE            LABEL
	INT_Baixo                        02E8            LABEL
	INT_Cima                         02F1            LABEL
	INT_Esquerda                     02FA            LABEL
	INT_Direita                      02FF            LABEL
	INT_Dispara                      0304            LABEL
	INT_OVER                         0307            LABEL
	INT_Inicio                       030A            LABEL
	INT_Tempo                        030D            LABEL
	RandomGen                        0310            LABEL
	e_zero                           0328            LABEL
	GameOver                         0333            LABEL
	CicloOver                        036E            LABEL
	TrataOver                        038C            LABEL
	Cria_Objeto                      03AF            LABEL
	Cria_Cicle                       03C3            LABEL
	EscreveDisplay                   03D3            LABEL
	EscreveLCD                       03F3            LABEL
	Inicializa                       0426            LABEL
	InitMask                         045E            LABEL
	InitTempo                        0465            LABEL
	Colisao_LaserB                   0470            LABEL
	Teste_FIMB                       047A            LABEL
	Colision_CicloB                  047D            LABEL
	AcabaColisaoB                    0485            LABEL
	ApagaB                           048A            LABEL
	Update_Black                     0492            LABEL
	Colisao_Laser                    0497            LABEL
	Teste_FIM                        04A1            LABEL
	Colision_Ciclo                   04A4            LABEL
	AcabaColisao                     04AC            LABEL
	ApagaBoth                        04B1            LABEL
	Update_Laser                     04C6            LABEL
	ColisoesNave                     04CB            LABEL
	Colisoes_MOVE                    04E2            LABEL
	Col_Ciclo                        04ED            LABEL
	ReturnCol                        0501            LABEL
	Inicio                           0505            LABEL
	Inicia                           050A            LABEL
	Ciclo_Inicia                     0523            LABEL
	Ciclo                            0554            LABEL
	Baixo                            0576            LABEL
	Cima                             0582            LABEL
	Esquerda                         058E            LABEL
	Direita                          059A            LABEL
	Dispara                          05A6            LABEL
	Tempo                            05B0            LABEL
	Reinicia                         05B8            LABEL
